0 verbose cli D:\node.js\node.exe D:\node.js\node_modules\npm\bin\npm-cli.js
1 info using npm@10.9.2
2 info using node@v22.15.0
3 silly config load:file:D:\node.js\node_modules\npm\npmrc
4 silly config load:file:D:\学习资料\software_project\go-pet\.npmrc
5 silly config load:file:C:\Users\86134\.npmrc
6 silly config load:file:D:\node.js\global\etc\npmrc
7 verbose title npm install
8 verbose argv "install"
9 verbose logfile logs-max:10 dir:D:\学习资料\software_project\go-pet\%USERPROFILE%\npm-cache\_logs\2025-05-27T13_52_31_018Z-
10 verbose logfile D:\学习资料\software_project\go-pet\%USERPROFILE%\npm-cache\_logs\2025-05-27T13_52_31_018Z-debug-0.log
11 silly logfile done cleaning log files
12 silly packumentCache heap:4345298944 maxSize:1086324736 maxEntrySize:543162368
13 silly idealTree buildDeps
14 silly reify moves {}
15 verbose stack Error: Could not read package.json: Error: ENOENT: no such file or directory, open 'D:\学习资料\software_project\go-pet\package.json'
15 verbose stack     at async open (node:internal/fs/promises:633:25)
15 verbose stack     at async readFile (node:internal/fs/promises:1237:14)
15 verbose stack     at async read (D:\node.js\node_modules\npm\node_modules\@npmcli\package-json\lib\read-package.js:9:18)
15 verbose stack     at async PackageJson.load (D:\node.js\node_modules\npm\node_modules\@npmcli\package-json\lib\index.js:131:31)
15 verbose stack     at async PackageJson.normalize (D:\node.js\node_modules\npm\node_modules\@npmcli\package-json\lib\index.js:117:5)
15 verbose stack     at async runScript (D:\node.js\node_modules\npm\node_modules\@npmcli\run-script\lib\run-script.js:11:28)
15 verbose stack     at async Install.exec (D:\node.js\node_modules\npm\lib\commands\install.js:163:9)
15 verbose stack     at async Npm.exec (D:\node.js\node_modules\npm\lib\npm.js:207:9)
15 verbose stack     at async module.exports (D:\node.js\node_modules\npm\lib\cli\entry.js:74:5)
16 error code ENOENT
17 error syscall open
18 error path D:\学习资料\software_project\go-pet\package.json
19 error errno -4058
20 error enoent Could not read package.json: Error: ENOENT: no such file or directory, open 'D:\学习资料\software_project\go-pet\package.json'
21 error enoent This is related to npm not being able to find a file.
21 error enoent
22 verbose cwd D:\学习资料\software_project\go-pet
23 verbose os Windows_NT 10.0.22631
24 verbose node v22.15.0
25 verbose npm  v10.9.2
26 verbose exit -4058
27 verbose code -4058
28 error A complete log of this run can be found in: D:\学习资料\software_project\go-pet\%USERPROFILE%\npm-cache\_logs\2025-05-27T13_52_31_018Z-debug-0.log
